app/build/outputs/logs/manifest-merger-debug-report.txt
-- Merging decision tree log ---
manifest
ADDED from src/main/AndroidManifest.xml:16:1-58:12
INJECTED from src/main/AndroidManifest.xml:16:1-58:12
INJECTED from src/main/AndroidManifest.xml:16:1-58:12
INJECTED from src/main/AndroidManifest.xml:16:1-58:12
MERGED from [:TVUIComponent] AndroidManifest.xml:32:1-80:12
MERGED from [:AMZNMediaPlayerComponent] AndroidManifest.xml:16:1-36:12
MERGED from [:ContentBrowser] AndroidManifest.xml:16:1-61:12
MERGED from [:UAMP] AndroidManifest.xml:16:1-28:12
MERGED from [:VastAdsComponent] AndroidManifest.xml:16:1-34:12
MERGED from [:PassThroughLoginComponent] AndroidManifest.xml:16:1-31:12
MERGED from [:LoggerAnalyticsComponent] AndroidManifest.xml:16:1-33:12
MERGED from [:ModuleInterface] AndroidManifest.xml:16:1-28:12
MERGED from [:AnalyticsInterface] AndroidManifest.xml:16:1-30:12
MERGED from [:ContentModel] AndroidManifest.xml:16:1-28:12
MERGED from [:DynamicParser] AndroidManifest.xml:16:1-30:12
MERGED from [:PurchaseInterface] AndroidManifest.xml:16:1-30:12
MERGED from [:DataLoader] AndroidManifest.xml:16:1-27:12
MERGED from [:Utils] AndroidManifest.xml:2:1-31:12
MERGED from [:AuthInterface] AndroidManifest.xml:16:1-27:12
MERGED from [:AdsInterface] AndroidManifest.xml:16:1-28:12
MERGED from [com.android.support:leanback-v17:23.1.1] AndroidManifest.xml:17:1-24:12
MERGED from [com.android.support:recyclerview-v7:23.1.1] AndroidManifest.xml:17:1-22:12
MERGED from [:Calligraphy] AndroidManifest.xml:2:1-13:12
MERGED from [com.trello:rxlifecycle-components:0.4.0] AndroidManifest.xml:13:1-19:12
MERGED from [com.android.support:appcompat-v7:23.3.0] AndroidManifest.xml:17:1-27:12
MERGED from [com.android.support:recommendation:23.1.1] AndroidManifest.xml:17:1-24:12
MERGED from [com.android.support:animated-vector-drawable:23.3.0] AndroidManifest.xml:2:1-9:12
MERGED from [com.android.support:support-vector-drawable:23.3.0] AndroidManifest.xml:2:1-9:12
MERGED from [com.android.support:support-v4:23.3.0] AndroidManifest.xml:17:1-24:12
MERGED from [com.trello:rxlifecycle:0.4.0] AndroidManifest.xml:13:1-19:12
MERGED from [com.jakewharton.rxbinding:rxbinding:0.3.0] AndroidManifest.xml:2:1-8:12
MERGED from [io.reactivex:rxandroid:1.1.0] AndroidManifest.xml:15:1-21:12
MERGED from [com.squareup.leakcanary:leakcanary-android:1.4-beta2] AndroidManifest.xml:17:1-59:12
INJECTED from src/main/AndroidManifest.xml:16:1-58:12
INJECTED from src/main/AndroidManifest.xml:16:1-58:12
INJECTED from src/main/AndroidManifest.xml:16:1-58:12
	package
		ADDED from src/main/AndroidManifest.xml:17:11-55
		INJECTED from src/main/AndroidManifest.xml
		INJECTED from src/main/AndroidManifest.xml
	android:versionName
		INJECTED from src/main/AndroidManifest.xml
		ADDED from src/main/AndroidManifest.xml:16:1-58:12
		INJECTED from src/main/AndroidManifest.xml
	android:versionCode
		INJECTED from src/main/AndroidManifest.xml
		ADDED from src/main/AndroidManifest.xml:16:1-58:12
		INJECTED from src/main/AndroidManifest.xml
	xmlns:android
		ADDED from src/main/AndroidManifest.xml:16:11-69
uses-feature#android.software.leanback
ADDED from src/main/AndroidManifest.xml:19:5-85
MERGED from [:TVUIComponent] AndroidManifest.xml:51:5-53:35
MERGED from [:TVUIComponent] AndroidManifest.xml:51:5-53:35
	android:required
		ADDED from src/main/AndroidManifest.xml:19:60-83
	android:name
		ADDED from src/main/AndroidManifest.xml:19:19-59
uses-feature#android.hardware.touchscreen
ADDED from src/main/AndroidManifest.xml:20:5-89
MERGED from [:TVUIComponent] AndroidManifest.xml:48:5-50:36
MERGED from [:TVUIComponent] AndroidManifest.xml:48:5-50:36
	android:required
		ADDED from src/main/AndroidManifest.xml:20:63-87
	android:name
		ADDED from src/main/AndroidManifest.xml:20:19-62
uses-permission#com.amazon.permission.media.session.voicecommandcontrol
ADDED from src/main/AndroidManifest.xml:23:5-94
	android:name
		ADDED from src/main/AndroidManifest.xml:23:22-92
application
ADDED from src/main/AndroidManifest.xml:25:5-56:19
MERGED from [:TVUIComponent] AndroidManifest.xml:58:5-78:19
MERGED from [:TVUIComponent] AndroidManifest.xml:58:5-78:19
MERGED from [:AMZNMediaPlayerComponent] AndroidManifest.xml:30:5-34:19
MERGED from [:AMZNMediaPlayerComponent] AndroidManifest.xml:30:5-34:19
MERGED from [:ContentBrowser] AndroidManifest.xml:30:5-59:19
MERGED from [:ContentBrowser] AndroidManifest.xml:30:5-59:19
MERGED from [:UAMP] AndroidManifest.xml:25:5-26:19
MERGED from [:UAMP] AndroidManifest.xml:25:5-26:19
MERGED from [:VastAdsComponent] AndroidManifest.xml:28:5-32:19
MERGED from [:VastAdsComponent] AndroidManifest.xml:28:5-32:19
MERGED from [:PassThroughLoginComponent] AndroidManifest.xml:25:5-29:19
MERGED from [:PassThroughLoginComponent] AndroidManifest.xml:25:5-29:19
MERGED from [:LoggerAnalyticsComponent] AndroidManifest.xml:25:5-31:19
MERGED from [:LoggerAnalyticsComponent] AndroidManifest.xml:25:5-31:19
MERGED from [:ModuleInterface] AndroidManifest.xml:25:5-26:19
MERGED from [:ModuleInterface] AndroidManifest.xml:25:5-26:19
MERGED from [:AnalyticsInterface] AndroidManifest.xml:25:5-28:19
MERGED from [:AnalyticsInterface] AndroidManifest.xml:25:5-28:19
MERGED from [:ContentModel] AndroidManifest.xml:25:5-26:19
MERGED from [:ContentModel] AndroidManifest.xml:25:5-26:19
MERGED from [:DynamicParser] AndroidManifest.xml:25:5-28:19
MERGED from [:DynamicParser] AndroidManifest.xml:25:5-28:19
MERGED from [:PurchaseInterface] AndroidManifest.xml:25:5-28:19
MERGED from [:PurchaseInterface] AndroidManifest.xml:25:5-28:19
MERGED from [:DataLoader] AndroidManifest.xml:25:5-47
MERGED from [:DataLoader] AndroidManifest.xml:25:5-47
MERGED from [:Utils] AndroidManifest.xml:26:5-29:19
MERGED from [:Utils] AndroidManifest.xml:26:5-29:19
MERGED from [:AuthInterface] AndroidManifest.xml:25:5-47
MERGED from [:AuthInterface] AndroidManifest.xml:25:5-47
MERGED from [:AdsInterface] AndroidManifest.xml:25:5-26:19
MERGED from [:AdsInterface] AndroidManifest.xml:25:5-26:19
MERGED from [com.android.support:leanback-v17:23.1.1] AndroidManifest.xml:22:5-20
MERGED from [com.android.support:leanback-v17:23.1.1] AndroidManifest.xml:22:5-20
MERGED from [:Calligraphy] AndroidManifest.xml:11:5-20
MERGED from [:Calligraphy] AndroidManifest.xml:11:5-20
MERGED from [com.android.support:appcompat-v7:23.3.0] AndroidManifest.xml:25:5-20
MERGED from [com.android.support:appcompat-v7:23.3.0] AndroidManifest.xml:25:5-20
MERGED from [com.android.support:recommendation:23.1.1] AndroidManifest.xml:22:5-20
MERGED from [com.android.support:recommendation:23.1.1] AndroidManifest.xml:22:5-20
MERGED from [com.android.support:animated-vector-drawable:23.3.0] AndroidManifest.xml:7:5-20
MERGED from [com.android.support:animated-vector-drawable:23.3.0] AndroidManifest.xml:7:5-20
MERGED from [com.android.support:support-vector-drawable:23.3.0] AndroidManifest.xml:7:5-20
MERGED from [com.android.support:support-vector-drawable:23.3.0] AndroidManifest.xml:7:5-20
MERGED from [com.android.support:support-v4:23.3.0] AndroidManifest.xml:22:5-20
MERGED from [com.android.support:support-v4:23.3.0] AndroidManifest.xml:22:5-20
MERGED from [com.squareup.leakcanary:leakcanary-android:1.4-beta2] AndroidManifest.xml:28:5-57:19
MERGED from [com.squareup.leakcanary:leakcanary-android:1.4-beta2] AndroidManifest.xml:28:5-57:19
	android:supportsRtl
		ADDED from [:LoggerAnalyticsComponent] AndroidManifest.xml:27:9-35
	android:label
		ADDED from src/main/AndroidManifest.xml:27:13-45
	android:icon
		ADDED from src/main/AndroidManifest.xml:29:13-46
	android:allowBackup
		ADDED from src/main/AndroidManifest.xml:26:13-39
	android:banner
		ADDED from src/main/AndroidManifest.xml:31:13-50
	android:theme
		ADDED from src/main/AndroidManifest.xml:30:13-44
	android:name
		ADDED from src/main/AndroidManifest.xml:28:13-73
activity#com.amazon.android.tv.tenfoot.ui.activities.SplashActivity
ADDED from src/main/AndroidManifest.xml:32:9-55:20
MERGED from [:TVUIComponent] AndroidManifest.xml:76:9-95
MERGED from [:TVUIComponent] AndroidManifest.xml:76:9-95
	android:screenOrientation
		ADDED from src/main/AndroidManifest.xml:34:17-54
	android:launchMode
		ADDED from src/main/AndroidManifest.xml:36:17-48
	android:noHistory
		ADDED from src/main/AndroidManifest.xml:35:17-41
	android:name
		ADDED from src/main/AndroidManifest.xml:33:17-90
intent-filter#action:name:android.intent.action.MAIN+category:name:android.intent.category.LAUNCHER+category:name:android.intent.category.LEANBACK_LAUNCHER
ADDED from src/main/AndroidManifest.xml:37:13-41:29
action#android.intent.action.MAIN
ADDED from src/main/AndroidManifest.xml:38:17-68
	android:name
		ADDED from src/main/AndroidManifest.xml:38:25-66
category#android.intent.category.LAUNCHER
ADDED from src/main/AndroidManifest.xml:39:17-76
	android:name
		ADDED from src/main/AndroidManifest.xml:39:27-74
category#android.intent.category.LEANBACK_LAUNCHER
ADDED from src/main/AndroidManifest.xml:40:17-85
	android:name
		ADDED from src/main/AndroidManifest.xml:40:27-83
uses-sdk
INJECTED from src/main/AndroidManifest.xml reason: use-sdk injection requested
INJECTED from src/main/AndroidManifest.xml
INJECTED from src/main/AndroidManifest.xml
MERGED from [:TVUIComponent] AndroidManifest.xml:37:5-39:41
MERGED from [:TVUIComponent] AndroidManifest.xml:37:5-39:41
MERGED from [:AMZNMediaPlayerComponent] AndroidManifest.xml:21:5-23:41
MERGED from [:AMZNMediaPlayerComponent] AndroidManifest.xml:21:5-23:41
MERGED from [:ContentBrowser] AndroidManifest.xml:21:5-23:41
MERGED from [:ContentBrowser] AndroidManifest.xml:21:5-23:41
MERGED from [:UAMP] AndroidManifest.xml:21:5-23:41
MERGED from [:UAMP] AndroidManifest.xml:21:5-23:41
MERGED from [:VastAdsComponent] AndroidManifest.xml:21:5-23:41
MERGED from [:VastAdsComponent] AndroidManifest.xml:21:5-23:41
MERGED from [:PassThroughLoginComponent] AndroidManifest.xml:21:5-23:41
MERGED from [:PassThroughLoginComponent] AndroidManifest.xml:21:5-23:41
MERGED from [:LoggerAnalyticsComponent] AndroidManifest.xml:21:5-23:41
MERGED from [:LoggerAnalyticsComponent] AndroidManifest.xml:21:5-23:41
MERGED from [:ModuleInterface] AndroidManifest.xml:21:5-23:41
MERGED from [:ModuleInterface] AndroidManifest.xml:21:5-23:41
MERGED from [:AnalyticsInterface] AndroidManifest.xml:21:5-23:41
MERGED from [:AnalyticsInterface] AndroidManifest.xml:21:5-23:41
MERGED from [:ContentModel] AndroidManifest.xml:21:5-23:41
MERGED from [:ContentModel] AndroidManifest.xml:21:5-23:41
MERGED from [:DynamicParser] AndroidManifest.xml:21:5-23:41
MERGED from [:DynamicParser] AndroidManifest.xml:21:5-23:41
MERGED from [:PurchaseInterface] AndroidManifest.xml:21:5-23:41
MERGED from [:PurchaseInterface] AndroidManifest.xml:21:5-23:41
MERGED from [:DataLoader] AndroidManifest.xml:21:5-23:41
MERGED from [:DataLoader] AndroidManifest.xml:21:5-23:41
MERGED from [:Utils] AndroidManifest.xml:7:5-9:41
MERGED from [:Utils] AndroidManifest.xml:7:5-9:41
MERGED from [:AuthInterface] AndroidManifest.xml:21:5-23:41
MERGED from [:AuthInterface] AndroidManifest.xml:21:5-23:41
MERGED from [:AdsInterface] AndroidManifest.xml:21:5-23:41
MERGED from [:AdsInterface] AndroidManifest.xml:21:5-23:41
MERGED from [com.android.support:leanback-v17:23.1.1] AndroidManifest.xml:20:5-44
MERGED from [com.android.support:leanback-v17:23.1.1] AndroidManifest.xml:20:5-44
MERGED from [com.android.support:recyclerview-v7:23.1.1] AndroidManifest.xml:20:5-43
MERGED from [com.android.support:recyclerview-v7:23.1.1] AndroidManifest.xml:20:5-43
MERGED from [:Calligraphy] AndroidManifest.xml:7:5-9:41
MERGED from [:Calligraphy] AndroidManifest.xml:7:5-9:41
MERGED from [com.trello:rxlifecycle-components:0.4.0] AndroidManifest.xml:17:5-44
MERGED from [com.trello:rxlifecycle-components:0.4.0] AndroidManifest.xml:17:5-44
MERGED from [com.android.support:appcompat-v7:23.3.0] AndroidManifest.xml:21:5-23:78
MERGED from [com.android.support:appcompat-v7:23.3.0] AndroidManifest.xml:21:5-23:78
MERGED from [com.android.support:recommendation:23.1.1] AndroidManifest.xml:20:5-44
MERGED from [com.android.support:recommendation:23.1.1] AndroidManifest.xml:20:5-44
MERGED from [com.android.support:animated-vector-drawable:23.3.0] AndroidManifest.xml:5:5-44
MERGED from [com.android.support:animated-vector-drawable:23.3.0] AndroidManifest.xml:5:5-44
MERGED from [com.android.support:support-vector-drawable:23.3.0] AndroidManifest.xml:5:5-43
MERGED from [com.android.support:support-vector-drawable:23.3.0] AndroidManifest.xml:5:5-43
MERGED from [com.android.support:support-v4:23.3.0] AndroidManifest.xml:20:5-43
MERGED from [com.android.support:support-v4:23.3.0] AndroidManifest.xml:20:5-43
MERGED from [com.trello:rxlifecycle:0.4.0] AndroidManifest.xml:17:5-44
MERGED from [com.trello:rxlifecycle:0.4.0] AndroidManifest.xml:17:5-44
MERGED from [com.jakewharton.rxbinding:rxbinding:0.3.0] AndroidManifest.xml:6:5-44
MERGED from [com.jakewharton.rxbinding:rxbinding:0.3.0] AndroidManifest.xml:6:5-44
MERGED from [io.reactivex:rxandroid:1.1.0] AndroidManifest.xml:19:5-43
MERGED from [io.reactivex:rxandroid:1.1.0] AndroidManifest.xml:19:5-43
MERGED from [com.squareup.leakcanary:leakcanary-android:1.4-beta2] AndroidManifest.xml:20:5-22:41
MERGED from [com.squareup.leakcanary:leakcanary-android:1.4-beta2] AndroidManifest.xml:20:5-22:41
INJECTED from src/main/AndroidManifest.xml
INJECTED from src/main/AndroidManifest.xml
	tools:overrideLibrary
		ADDED from [com.android.support:appcompat-v7:23.3.0] AndroidManifest.xml:23:9-75
	android:targetSdkVersion
		INJECTED from src/main/AndroidManifest.xml
		ADDED from src/main/AndroidManifest.xml
		INJECTED from src/main/AndroidManifest.xml
	android:minSdkVersion
		INJECTED from src/main/AndroidManifest.xml
		ADDED from src/main/AndroidManifest.xml
		INJECTED from src/main/AndroidManifest.xml
uses-permission#android.permission.INTERNET
ADDED from [:TVUIComponent] AndroidManifest.xml:41:5-67
MERGED from [:AMZNMediaPlayerComponent] AndroidManifest.xml:25:5-67
MERGED from [:AMZNMediaPlayerComponent] AndroidManifest.xml:25:5-67
MERGED from [:ContentBrowser] AndroidManifest.xml:26:5-67
MERGED from [:ContentBrowser] AndroidManifest.xml:26:5-67
MERGED from [:VastAdsComponent] AndroidManifest.xml:25:5-67
MERGED from [:VastAdsComponent] AndroidManifest.xml:25:5-67
MERGED from [:Utils] AndroidManifest.xml:24:5-67
MERGED from [:Utils] AndroidManifest.xml:24:5-67
	android:name
		ADDED from [:TVUIComponent] AndroidManifest.xml:41:22-64
uses-permission#android.permission.RECEIVE_BOOT_COMPLETED
ADDED from [:TVUIComponent] AndroidManifest.xml:42:5-81
MERGED from [:ContentBrowser] AndroidManifest.xml:27:5-81
MERGED from [:ContentBrowser] AndroidManifest.xml:27:5-81
	android:name
		ADDED from [:TVUIComponent] AndroidManifest.xml:42:22-78
uses-permission#android.permission.ACCESS_NETWORK_STATE
ADDED from [:TVUIComponent] AndroidManifest.xml:43:5-79
MERGED from [:AMZNMediaPlayerComponent] AndroidManifest.xml:26:5-79
MERGED from [:AMZNMediaPlayerComponent] AndroidManifest.xml:26:5-79
MERGED from [:ContentBrowser] AndroidManifest.xml:28:5-79
MERGED from [:ContentBrowser] AndroidManifest.xml:28:5-79
MERGED from [:VastAdsComponent] AndroidManifest.xml:26:5-79
MERGED from [:VastAdsComponent] AndroidManifest.xml:26:5-79
	android:name
		ADDED from [:TVUIComponent] AndroidManifest.xml:43:22-76
uses-feature#android.hardware.microphone
ADDED from [:TVUIComponent] AndroidManifest.xml:45:5-47:36
	android:required
		ADDED from [:TVUIComponent] AndroidManifest.xml:47:9-33
	android:name
		ADDED from [:TVUIComponent] AndroidManifest.xml:46:9-51
uses-permission#android.permission.WRITE_EXTERNAL_STORAGE
ADDED from [:TVUIComponent] AndroidManifest.xml:55:5-81
MERGED from [:AMZNMediaPlayerComponent] AndroidManifest.xml:28:5-81
MERGED from [:AMZNMediaPlayerComponent] AndroidManifest.xml:28:5-81
MERGED from [com.squareup.leakcanary:leakcanary-android:1.4-beta2] AndroidManifest.xml:26:5-81
MERGED from [com.squareup.leakcanary:leakcanary-android:1.4-beta2] AndroidManifest.xml:26:5-81
	android:name
		ADDED from [:TVUIComponent] AndroidManifest.xml:55:22-78
uses-permission#android.permission.READ_EXTERNAL_STORAGE
ADDED from [:TVUIComponent] AndroidManifest.xml:56:5-80
MERGED from [com.squareup.leakcanary:leakcanary-android:1.4-beta2] AndroidManifest.xml:25:5-80
MERGED from [com.squareup.leakcanary:leakcanary-android:1.4-beta2] AndroidManifest.xml:25:5-80
	android:name
		ADDED from [:TVUIComponent] AndroidManifest.xml:56:22-77
activity#com.amazon.android.tv.tenfoot.ui.activities.FullContentBrowseActivity
ADDED from [:TVUIComponent] AndroidManifest.xml:59:9-61:53
	android:screenOrientation
		ADDED from [:TVUIComponent] AndroidManifest.xml:61:13-50
	android:name
		ADDED from [:TVUIComponent] AndroidManifest.xml:60:13-97
activity#com.amazon.android.tv.tenfoot.ui.activities.ContentBrowseActivity
ADDED from [:TVUIComponent] AndroidManifest.xml:62:9-64:53
	android:screenOrientation
		ADDED from [:TVUIComponent] AndroidManifest.xml:64:13-50
	android:name
		ADDED from [:TVUIComponent] AndroidManifest.xml:63:13-93
activity#com.amazon.android.tv.tenfoot.ui.activities.ContentDetailsActivity
ADDED from [:TVUIComponent] AndroidManifest.xml:65:9-74:20
	android:exported
		ADDED from [:TVUIComponent] AndroidManifest.xml:67:13-36
	android:name
		ADDED from [:TVUIComponent] AndroidManifest.xml:66:13-94
intent-filter#action:name:android.intent.action.VIEW
ADDED from [:TVUIComponent] AndroidManifest.xml:70:13-73:29
action#android.intent.action.VIEW
ADDED from [:TVUIComponent] AndroidManifest.xml:71:17-69
	android:name
		ADDED from [:TVUIComponent] AndroidManifest.xml:71:25-66
activity#com.amazon.android.tv.tenfoot.ui.activities.ContentSearchActivity
ADDED from [:TVUIComponent] AndroidManifest.xml:75:9-102
	android:name
		ADDED from [:TVUIComponent] AndroidManifest.xml:75:19-99
activity#com.amazon.android.uamp.ui.PlaybackActivity
ADDED from [:TVUIComponent] AndroidManifest.xml:77:9-80
	android:name
		ADDED from [:TVUIComponent] AndroidManifest.xml:77:19-77
uses-permission#android.permission.ACCESS_WIFI_STATE
ADDED from [:AMZNMediaPlayerComponent] AndroidManifest.xml:27:5-76
	android:name
		ADDED from [:AMZNMediaPlayerComponent] AndroidManifest.xml:27:22-73
meta-data#AMZNAP@AMZNPlayer
ADDED from [:AMZNMediaPlayerComponent] AndroidManifest.xml:31:9-33:93
	android:value
		ADDED from [:AMZNMediaPlayerComponent] AndroidManifest.xml:33:13-90
	android:name
		ADDED from [:AMZNMediaPlayerComponent] AndroidManifest.xml:32:13-45
uses-permission#com.amazon.device.permission.COMRADE_CAPABILITIES
ADDED from [:ContentBrowser] AndroidManifest.xml:25:5-89
	android:name
		ADDED from [:ContentBrowser] AndroidManifest.xml:25:22-86
receiver#com.amazon.android.contentbrowser.recommendations.BootCompletedReceiver
ADDED from [:ContentBrowser] AndroidManifest.xml:42:9-51:20
	android:enabled
		ADDED from [:ContentBrowser] AndroidManifest.xml:44:13-35
	android:exported
		ADDED from [:ContentBrowser] AndroidManifest.xml:45:13-37
	android:name
		ADDED from [:ContentBrowser] AndroidManifest.xml:43:13-99
intent-filter#action:name:android.intent.action.BOOT_COMPLETED+action:name:android.intent.action.TIMEZONE_CHANGED+action:name:android.intent.action.TIME_SET
ADDED from [:ContentBrowser] AndroidManifest.xml:46:13-50:29
action#android.intent.action.BOOT_COMPLETED
ADDED from [:ContentBrowser] AndroidManifest.xml:47:17-79
	android:name
		ADDED from [:ContentBrowser] AndroidManifest.xml:47:25-76
action#android.intent.action.TIMEZONE_CHANGED
ADDED from [:ContentBrowser] AndroidManifest.xml:48:17-81
	android:name
		ADDED from [:ContentBrowser] AndroidManifest.xml:48:25-78
action#android.intent.action.TIME_SET
ADDED from [:ContentBrowser] AndroidManifest.xml:49:17-73
	android:name
		ADDED from [:ContentBrowser] AndroidManifest.xml:49:25-70
service#com.amazon.android.contentbrowser.recommendations.UpdateRecommendationsService
ADDED from [:ContentBrowser] AndroidManifest.xml:53:9-55:38
	android:enabled
		ADDED from [:ContentBrowser] AndroidManifest.xml:55:13-35
	android:name
		ADDED from [:ContentBrowser] AndroidManifest.xml:54:13-106
service#com.amazon.android.contentbrowser.recommendations.DeleteRecommendationService
ADDED from [:ContentBrowser] AndroidManifest.xml:56:9-58:38
	android:enabled
		ADDED from [:ContentBrowser] AndroidManifest.xml:58:13-35
	android:name
		ADDED from [:ContentBrowser] AndroidManifest.xml:57:13-105
meta-data#AMZNAP@VASTAdsPlayer
ADDED from [:VastAdsComponent] AndroidManifest.xml:29:9-31:90
	android:value
		ADDED from [:VastAdsComponent] AndroidManifest.xml:31:13-87
	android:name
		ADDED from [:VastAdsComponent] AndroidManifest.xml:30:13-48
meta-data#AMZNAP@PassThroughLogin
ADDED from [:PassThroughLoginComponent] AndroidManifest.xml:26:9-28:111
	android:value
		ADDED from [:PassThroughLoginComponent] AndroidManifest.xml:28:13-108
	android:name
		ADDED from [:PassThroughLoginComponent] AndroidManifest.xml:27:13-51
meta-data#AMZNAP@LoggerAnalytics
ADDED from [:LoggerAnalyticsComponent] AndroidManifest.xml:28:9-30:97
	android:value
		ADDED from [:LoggerAnalyticsComponent] AndroidManifest.xml:30:13-94
	android:name
		ADDED from [:LoggerAnalyticsComponent] AndroidManifest.xml:29:13-50
service#com.squareup.leakcanary.internal.HeapAnalyzerService
ADDED from [com.squareup.leakcanary:leakcanary-android:1.4-beta2] AndroidManifest.xml:29:9-32:45
	android:process
		ADDED from [com.squareup.leakcanary:leakcanary-android:1.4-beta2] AndroidManifest.xml:32:13-42
	android:enabled
		ADDED from [com.squareup.leakcanary:leakcanary-android:1.4-beta2] AndroidManifest.xml:31:13-36
	android:name
		ADDED from [com.squareup.leakcanary:leakcanary-android:1.4-beta2] AndroidManifest.xml:30:13-80
service#com.squareup.leakcanary.DisplayLeakService
ADDED from [com.squareup.leakcanary:leakcanary-android:1.4-beta2] AndroidManifest.xml:33:9-35:39
	android:enabled
		ADDED from [com.squareup.leakcanary:leakcanary-android:1.4-beta2] AndroidManifest.xml:35:13-36
	android:name
		ADDED from [com.squareup.leakcanary:leakcanary-android:1.4-beta2] AndroidManifest.xml:34:13-70
activity#com.squareup.leakcanary.internal.DisplayLeakActivity
ADDED from [com.squareup.leakcanary:leakcanary-android:1.4-beta2] AndroidManifest.xml:37:9-49:20
	android:enabled
		ADDED from [com.squareup.leakcanary:leakcanary-android:1.4-beta2] AndroidManifest.xml:39:13-36
	android:label
		ADDED from [com.squareup.leakcanary:leakcanary-android:1.4-beta2] AndroidManifest.xml:41:13-71
	android:icon
		ADDED from [com.squareup.leakcanary:leakcanary-android:1.4-beta2] AndroidManifest.xml:40:13-54
	android:theme
		ADDED from [com.squareup.leakcanary:leakcanary-android:1.4-beta2] AndroidManifest.xml:43:13-63
	android:taskAffinity
		ADDED from [com.squareup.leakcanary:leakcanary-android:1.4-beta2] AndroidManifest.xml:42:13-59
	android:name
		ADDED from [com.squareup.leakcanary:leakcanary-android:1.4-beta2] AndroidManifest.xml:38:13-80
intent-filter#action:name:android.intent.action.MAIN+category:name:android.intent.category.LAUNCHER
ADDED from [com.squareup.leakcanary:leakcanary-android:1.4-beta2] AndroidManifest.xml:44:13-48:29
activity#com.squareup.leakcanary.internal.RequestStoragePermissionActivity
ADDED from [com.squareup.leakcanary:leakcanary-android:1.4-beta2] AndroidManifest.xml:50:9-56:68
	android:enabled
		ADDED from [com.squareup.leakcanary:leakcanary-android:1.4-beta2] AndroidManifest.xml:52:13-36
	android:label
		ADDED from [com.squareup.leakcanary:leakcanary-android:1.4-beta2] AndroidManifest.xml:54:13-82
	android:icon
		ADDED from [com.squareup.leakcanary:leakcanary-android:1.4-beta2] AndroidManifest.xml:53:13-54
	android:theme
		ADDED from [com.squareup.leakcanary:leakcanary-android:1.4-beta2] AndroidManifest.xml:56:13-65
	android:taskAffinity
		ADDED from [com.squareup.leakcanary:leakcanary-android:1.4-beta2] AndroidManifest.xml:55:13-59
	android:name
		ADDED from [com.squareup.leakcanary:leakcanary-android:1.4-beta2] AndroidManifest.xml:51:13-93